Using pre-set license
Built from '2021.1/release' branch; Version is '2021.1.4f1 (4cd64a618c1b) revision 5035594'; Using compiler version '192528614'; Build Type 'Release'
OS: 'Windows 10 Home; OS build 19042.1288; Version 2009; 64bit' Language: 'en' Physical Memory: 16177 MB
BatchMode: 1, IsHumanControllingUs: 0, StartBugReporterOnCrash: 0, Is64bit: 1, IsPro: 0

 COMMAND LINE ARGUMENTS:
D:\Unity\2021.1.4f1\Editor\Unity.exe
-adb2
-batchMode
-noUpm
-name
AssetImportWorker0
-projectPath
D:/Desktop/DestopTrash/Gamemaking/Projects/MiniJamDeath
-logFile
Logs/AssetImportWorker0.log
-srvPort
62956
Successfully changed project path to: D:/Desktop/DestopTrash/Gamemaking/Projects/MiniJamDeath
D:/Desktop/DestopTrash/Gamemaking/Projects/MiniJamDeath
Using Asset Import Pipeline V2.
Refreshing native plugins compatible for Editor in 51.44 ms, found 0 plugins.
Preloading 0 native plugins for Editor in 0.00 ms.
Initialize engine version: 2021.1.4f1 (4cd64a618c1b)
[Subsystems] Discovering subsystems at path D:/Unity/2021.1.4f1/Editor/Data/Resources/UnitySubsystems
[Subsystems] Discovering subsystems at path D:/Desktop/DestopTrash/Gamemaking/Projects/MiniJamDeath/Assets
GfxDevice: creating device client; threaded=0; jobified=0
Direct3D:
    Version:  Direct3D 11.0 [level 11.1]
    Renderer: NVIDIA GeForce GTX 1060 with Max-Q Design (ID=0x1c20)
    Vendor:   NVIDIA
    VRAM:     6052 MB
    Driver:   27.21.14.6140
Initialize mono
Mono path[0] = 'D:/Unity/2021.1.4f1/Editor/Data/Managed'
Mono path[1] = 'D:/Unity/2021.1.4f1/Editor/Data/MonoBleedingEdge/lib/mono/unityjit'
Mono config path = 'D:/Unity/2021.1.4f1/Editor/Data/MonoBleedingEdge/etc'
Using monoOptions --debugger-agent=transport=dt_socket,embedding=1,server=y,suspend=n,address=127.0.0.1:56368
Begin MonoManager ReloadAssembly
Registering precompiled unity dll's ...
Register platform support module: D:/Unity/2021.1.4f1/Editor/Data/PlaybackEngines/WebGLSupport/UnityEditor.WebGL.Extensions.dll
Register platform support module: D:/Unity/2021.1.4f1/Editor/Data/PlaybackEngines/WindowsStandaloneSupport/UnityEditor.WindowsStandalone.Extensions.dll
Registered in 0.001636 seconds.
Native extension for WindowsStandalone target not found
Native extension for WebGL target not found
Refreshing native plugins compatible for Editor in 53.46 ms, found 0 plugins.
Preloading 0 native plugins for Editor in 0.00 ms.
Mono: successfully reloaded assembly
- Completed reload, in  1.746 seconds
Platform modules already initialized, skipping
Registering precompiled user dll's ...
Registered in 0.003278 seconds.
Begin MonoManager ReloadAssembly
Native extension for WindowsStandalone target not found
Native extension for WebGL target not found
Refreshing native plugins compatible for Editor in 0.58 ms, found 0 plugins.
Preloading 0 native plugins for Editor in 0.00 ms.
Mono: successfully reloaded assembly
- Completed reload, in  1.144 seconds
Platform modules already initialized, skipping
========================================================================
Worker process is ready to serve import requests
Launched and connected shader compiler UnityShaderCompiler.exe after 0.05 seconds
Refreshing native plugins compatible for Editor in 0.42 ms, found 0 plugins.
Preloading 0 native plugins for Editor in 0.00 ms.
Unloading 1345 Unused Serialized files (Serialized files now loaded: 0)
System memory in use before: 67.6 MB.
System memory in use after: 67.6 MB.

Unloading 17 unused Assets to reduce memory usage. Loaded Objects now: 1817.
Total: 2.414700 ms (FindLiveObjects: 0.168700 ms CreateObjectMapping: 0.070500 ms MarkObjects: 2.072800 ms  DeleteObjects: 0.101200 ms)

========================================================================
Received Import Request.
  path: Assets/_project/Scripts/MoveDirDisplay.cs
  artifactKey: Guid(62dd8f7d42f1b074b9661ab32d67303d) Importer(815301076,1909f56bfc062723c751e8b465ee728b)
Start importing Assets/_project/Scripts/MoveDirDisplay.cs using Guid(62dd8f7d42f1b074b9661ab32d67303d) Importer(815301076,1909f56bfc062723c751e8b465ee728b)  -> (artifact id: '61bdfed201dc7e10d84dd2d546e8cced') in 0.075673 seconds 
========================================================================
Received Import Request.
  Time since last request: 46.892153 seconds.
  path: Assets/_project/Scripts/PUnit Behaviors/PUB_Archer.cs
  artifactKey: Guid(14fbda574cc3e754197a5bbe72195c21) Importer(815301076,1909f56bfc062723c751e8b465ee728b)
Start importing Assets/_project/Scripts/PUnit Behaviors/PUB_Archer.cs using Guid(14fbda574cc3e754197a5bbe72195c21) Importer(815301076,1909f56bfc062723c751e8b465ee728b)  -> (artifact id: 'ec70994260f124daf1d0b14e4abc68c2') in 0.098680 seconds 
========================================================================
Received Import Request.
  Time since last request: 7.712615 seconds.
  path: Assets/_project/Scripts/EnemyBehaviors/EnemyBehavior.cs
  artifactKey: Guid(354bde8db3143d0479ddcada82268a0d) Importer(815301076,1909f56bfc062723c751e8b465ee728b)
Start importing Assets/_project/Scripts/EnemyBehaviors/EnemyBehavior.cs using Guid(354bde8db3143d0479ddcada82268a0d) Importer(815301076,1909f56bfc062723c751e8b465ee728b)  -> (artifact id: '4236f36f1c7fd430014e65ea9a8da3f1') in 0.008815 seconds 
